2018-06-08T23:32:15.530Z - normal: Load ~/.CocosCreator/settings.json
2018-06-08T23:32:15.538Z - normal: checking language setting...
2018-06-08T23:32:15.538Z - normal: Language: en
2018-06-08T23:32:17.273Z - success: protocol editor-framework registered
2018-06-08T23:32:17.273Z - success: protocol app registered
2018-06-08T23:32:17.273Z - success: protocol theme registered
2018-06-08T23:32:17.273Z - success: protocol packages registered
2018-06-08T23:32:17.273Z - success: protocol unpack registerred
2018-06-08T23:32:17.273Z - success: protocol disable-commonjs registerred
2018-06-08T23:32:19.870Z - normal: connected!
2018-06-08T23:32:19.878Z - normal: Check project C:\Users\tiagoluz\Documents\cocos
2018-06-08T23:32:19.882Z - normal: Initializing Cocos2d
2018-06-08T23:32:20.078Z - normal: Initializing Asset Database
2018-06-08T23:32:20.118Z - success: protocol uuid registerred
2018-06-08T23:32:20.118Z - success: protocol db registerred
2018-06-08T23:32:20.118Z - success: protocol thumbnail registerred
2018-06-08T23:32:20.118Z - normal: Loading editor/builtin packages
2018-06-08T23:32:20.137Z - success: anysdk loaded
2018-06-08T23:32:20.245Z - success: assets loaded
2018-06-08T23:32:20.247Z - success: builder loaded
2018-06-08T23:32:20.249Z - success: cocos-analytics loaded
2018-06-08T23:32:20.252Z - success: console loaded
2018-06-08T23:32:20.285Z - success: fb-instant-games loaded
2018-06-08T23:32:20.288Z - success: hierarchy loaded
2018-06-08T23:32:20.291Z - success: inspector loaded
2018-06-08T23:32:20.298Z - success: keystore loaded
2018-06-08T23:32:20.300Z - success: node-library loaded
2018-06-08T23:32:20.302Z - success: package-asset loaded
2018-06-08T23:32:20.304Z - success: preferences loaded
2018-06-08T23:32:20.306Z - success: project-exporter loaded
2018-06-08T23:32:20.319Z - success: project-importer loaded
2018-06-08T23:32:20.320Z - success: project-settings loaded
2018-06-08T23:32:20.322Z - success: ui-kit loaded
2018-06-08T23:32:20.323Z - success: ui-grid loaded
2018-06-08T23:32:20.326Z - success: scene loaded
2018-06-08T23:32:20.328Z - success: sprite-editor loaded
2018-06-08T23:32:20.331Z - success: store loaded
2018-06-08T23:32:20.334Z - success: timeline loaded
2018-06-08T23:32:20.335Z - normal: Loading builtin packages
2018-06-08T23:32:20.337Z - success: asset-db-debugger loaded
2018-06-08T23:32:20.338Z - success: code-editor loaded
2018-06-08T23:32:20.339Z - success: color-picker loaded
2018-06-08T23:32:20.341Z - success: package-manager loaded
2018-06-08T23:32:20.345Z - success: sdkbox loaded
2018-06-08T23:32:20.348Z - success: tester loaded
2018-06-08T23:32:20.349Z - success: ui-kit-preview-extra loaded
2018-06-08T23:32:20.351Z - success: ui-kit-preview loaded
2018-06-08T23:32:20.352Z - success: ui-tree loaded
2018-06-08T23:32:21.305Z - normal: Initializing project C:\Users\tiagoluz\Documents\cocos
2018-06-08T23:32:21.321Z - normal: Loading packages
2018-06-08T23:32:21.326Z - normal: Watching packages
2018-06-08T23:32:21.339Z - normal: Run Application
2018-06-08T23:32:23.225Z - success: preview server running at http://localhost:7456
2018-06-08T23:32:27.784Z - normal: 1.9.1
